<?xml version="1.0" encoding="UTF-8"?>
<!-- Generated by org.testng.reporters.JUnitXMLReporter -->
<testsuite ignored="0" hostname="LAPTOP-7UOI14JD" failures="0" tests="3" name="Default test" time="107.299" errors="0" timestamp="05 Dec 2023 15:17:14 GMT">
  <testcase classname="ecom.mavenp1.PopitemsTest" name="laptoptest" time="23.465"/>
  <testcase classname="ecom.mavenp1.PopitemsTest" name="spktest" time="21.036"/>
  <testcase classname="ecom.mavenp1.PopitemsTest" name="tablestest" time="21.075"/>
</testsuite> <!-- Default test -->
