<?xml version="1.0" encoding="UTF-8"?>
<testng-results ignored="0" total="1" passed="1" failed="0" skipped="0">
  <reporter-output>
  </reporter-output>
  <suite started-at="2023-11-23T15:47:19Z" name="Suite1" finished-at="2023-11-23T15:47:31Z" duration-ms="11719">
    <groups>
    </groups>
    <test started-at="2023-11-23T15:47:19Z" name="Regression1" finished-at="2023-11-23T15:47:31Z" duration-ms="11719">
      <class name="ecom.mavenp1.FirstTest">
        <test-method signature="test1()[pri:0, instance:ecom.mavenp1.FirstTest@2e005c4b]" started-at="2023-11-23T15:47:19Z" name="test1" finished-at="2023-11-23T15:47:31Z" duration-ms="11665" status="PASS">
          <reporter-output>
          </reporter-output>
        </test-method> <!-- test1 -->
      </class> <!-- ecom.mavenp1.FirstTest -->
    </test> <!-- Regression1 -->
  </suite> <!-- Suite1 -->
</testng-results>
