<?xml version="1.0" encoding="UTF-8"?>
<testng-results ignored="0" total="3" passed="3" failed="0" skipped="0">
  <reporter-output>
  </reporter-output>
  <suite started-at="2023-12-05T15:15:27Z" name="Default suite" finished-at="2023-12-05T15:17:14Z" duration-ms="107299">
    <groups>
    </groups>
    <test started-at="2023-12-05T15:15:27Z" name="Default test" finished-at="2023-12-05T15:17:14Z" duration-ms="107299">
      <class name="ecom.mavenp1.PopitemsTest">
        <test-method is-config="true" signature="openbrowser()[pri:0, instance:ecom.mavenp1.PopitemsTest@54eb2b70]" started-at="2023-12-05T15:15:27Z" name="openbrowser" finished-at="2023-12-05T15:15:43Z" duration-ms="16546" status="PASS">
          <reporter-output>
          </reporter-output>
        </test-method> <!-- openbrowser -->
        <test-method signature="laptoptest()[pri:0, instance:ecom.mavenp1.PopitemsTest@54eb2b70]" started-at="2023-12-05T15:15:43Z" name="laptoptest" finished-at="2023-12-05T15:16:07Z" duration-ms="23465" status="PASS">
          <reporter-output>
          </reporter-output>
        </test-method> <!-- laptoptest -->
        <test-method is-config="true" signature="closebrowser()[pri:0, instance:ecom.mavenp1.PopitemsTest@54eb2b70]" started-at="2023-12-05T15:16:07Z" name="closebrowser" finished-at="2023-12-05T15:16:09Z" duration-ms="2274" status="PASS">
          <reporter-output>
          </reporter-output>
        </test-method> <!-- closebrowser -->
        <test-method is-config="true" signature="openbrowser()[pri:0, instance:ecom.mavenp1.PopitemsTest@54eb2b70]" started-at="2023-12-05T15:16:09Z" name="openbrowser" finished-at="2023-12-05T15:16:18Z" duration-ms="9477" status="PASS">
          <reporter-output>
          </reporter-output>
        </test-method> <!-- openbrowser -->
        <test-method signature="spktest()[pri:0, instance:ecom.mavenp1.PopitemsTest@54eb2b70]" started-at="2023-12-05T15:16:18Z" name="spktest" finished-at="2023-12-05T15:16:40Z" duration-ms="21036" status="PASS">
          <reporter-output>
          </reporter-output>
        </test-method> <!-- spktest -->
        <test-method is-config="true" signature="closebrowser()[pri:0, instance:ecom.mavenp1.PopitemsTest@54eb2b70]" started-at="2023-12-05T15:16:40Z" name="closebrowser" finished-at="2023-12-05T15:16:42Z" duration-ms="1975" status="PASS">
          <reporter-output>
          </reporter-output>
        </test-method> <!-- closebrowser -->
        <test-method is-config="true" signature="openbrowser()[pri:0, instance:ecom.mavenp1.PopitemsTest@54eb2b70]" started-at="2023-12-05T15:16:42Z" name="openbrowser" finished-at="2023-12-05T15:16:50Z" duration-ms="8922" status="PASS">
          <reporter-output>
          </reporter-output>
        </test-method> <!-- openbrowser -->
        <test-method signature="tablestest()[pri:0, instance:ecom.mavenp1.PopitemsTest@54eb2b70]" started-at="2023-12-05T15:16:50Z" name="tablestest" finished-at="2023-12-05T15:17:12Z" duration-ms="21075" status="PASS">
          <reporter-output>
          </reporter-output>
        </test-method> <!-- tablestest -->
        <test-method is-config="true" signature="closebrowser()[pri:0, instance:ecom.mavenp1.PopitemsTest@54eb2b70]" started-at="2023-12-05T15:17:12Z" name="closebrowser" finished-at="2023-12-05T15:17:14Z" duration-ms="2471" status="PASS">
          <reporter-output>
          </reporter-output>
        </test-method> <!-- closebrowser -->
      </class> <!-- ecom.mavenp1.PopitemsTest -->
    </test> <!-- Default test -->
  </suite> <!-- Default suite -->
</testng-results>
